mxli@MxdeMacBook-Pro web3-funcintegration % forge create src/demo/esRNT.sol:esRNT --private-key 0xac0974bec39a17e36ba4a6b4d238ff944bacb478cbed5efcae784d7bf4f2ff80 --rpc-url http://localhost:8545 --broadcast
[⠊] Compiling...
No files changed, compilation skipped
Deployer: 0xf39Fd6e51aad88F6F4ce6aB8827279cffFb92266
Deployed to: 0x5FbDB2315678afecb367f032d93F642f64180aa3
Transaction hash: 0x945e5a4d96d96ada0f6cd64c8d4ebb7da28433a19e81538b73d9a91f827288e1
mxli@MxdeMacBook-Pro web3-funcintegration % npx tsx api/src/demo/esRNT.ts
Reading _locks array from esRNT contract...
Contract Address: 0x5FbDB2315678afecb367f032d93F642f64180aa3

Array length: 11

locks[0]: user: 0x0000000000000000000000000000000000000001, startTime: 3507735830, amount: 1000000000000000000
locks[1]: user: 0x0000000000000000000000000000000000000002, startTime: 3507735829, amount: 2000000000000000000
locks[2]: user: 0x0000000000000000000000000000000000000003, startTime: 3507735828, amount: 3000000000000000000
locks[3]: user: 0x0000000000000000000000000000000000000004, startTime: 3507735827, amount: 4000000000000000000
locks[4]: user: 0x0000000000000000000000000000000000000005, startTime: 3507735826, amount: 5000000000000000000
locks[5]: user: 0x0000000000000000000000000000000000000006, startTime: 3507735825, amount: 6000000000000000000
locks[6]: user: 0x0000000000000000000000000000000000000007, startTime: 3507735824, amount: 7000000000000000000
locks[7]: user: 0x0000000000000000000000000000000000000008, startTime: 3507735823, amount: 8000000000000000000
locks[8]: user: 0x0000000000000000000000000000000000000009, startTime: 3507735822, amount: 9000000000000000000
locks[9]: user: 0x000000000000000000000000000000000000000a, startTime: 3507735821, amount: 10000000000000000000
locks[10]: user: 0x000000000000000000000000000000000000000b, startTime: 3507735820, amount: 11000000000000000000
mxli@MxdeMacBook-Pro web3-funcintegration % 